<?xml version="1.0" encoding="UTF-8"?>
<!-- Generated by org.testng.reporters.JUnitXMLReporter -->
<testsuite ignored="1" hostname="Abhiksha" failures="0" tests="4" name="Default test" time="0.042" errors="0" timestamp="2024-01-31T21:59:52 IST">
  <testcase classname="TestNG.AnnotatioAttribute" name="testcase1" time="0.007"/>
  <testcase classname="TestNG.AnnotatioAttribute" name="testcase5" time="0.001"/>
  <testcase classname="TestNG.AnnotatioAttribute" name="testcase4" time="0.001"/>
  <testcase classname="TestNG.AnnotatioAttribute" name="testcase3" time="0.001"/>
  <testcase classname="TestNG.AnnotatioAttribute" name="testcase8" time="0.0">
    <ignored/>
  </testcase> <!-- testcase8 -->
</testsuite> <!-- Default test -->
