<?xml version="1.0" encoding="UTF-8"?>
<!-- Generated by org.testng.reporters.JUnitXMLReporter -->
<testsuite ignored="1" hostname="Abhiksha" failures="0" tests="4" name="Default test" time="0.08" errors="0" timestamp="2024-02-06T12:49:28 IST">
  <testcase classname="TestNG.AnnotatioAttribute" name="testcase1" time="0.017"/>
  <testcase classname="TestNG.AnnotatioAttribute" name="testcase5" time="0.002"/>
  <testcase classname="TestNG.AnnotatioAttribute" name="testcase4" time="0.002"/>
  <testcase classname="TestNG.AnnotatioAttribute" name="testcase3" time="0.002"/>
  <testcase classname="TestNG.AnnotatioAttribute" name="testcase8" time="0.0">
    <ignored/>
  </testcase> <!-- testcase8 -->
</testsuite> <!-- Default test -->
