<?xml version="1.0" encoding="UTF-8"?>
<!-- Generated by org.testng.reporters.JUnitXMLReporter -->
<testsuite ignored="2" hostname="Abhiksha" failures="0" tests="2" name="Test" time="0.041" errors="0" timestamp="2024-01-31T21:59:10 IST">
  <testcase classname="TestNG.GroupAttribute" name="infosys" time="0.01"/>
  <testcase classname="TestNG.GroupAttribute" name="wipro" time="0.001"/>
  <testcase classname="TestNG.GroupAttribute" name="maruti" time="0.0">
    <ignored/>
  </testcase> <!-- maruti -->
  <testcase classname="TestNG.GroupAttribute" name="tata" time="0.0">
    <ignored/>
  </testcase> <!-- tata -->
</testsuite> <!-- Test -->
