<?xml version="1.0" encoding="UTF-8"?>
<testng-results ignored="1" total="5" passed="4" failed="0" skipped="0">
  <reporter-output>
  </reporter-output>
  <suite started-at="2024-01-31T21:59:52 IST" name="Default suite" finished-at="2024-01-31T21:59:52 IST" duration-ms="42">
    <groups>
    </groups>
    <test started-at="2024-01-31T21:59:52 IST" name="Default test" finished-at="2024-01-31T21:59:52 IST" duration-ms="42">
      <class name="TestNG.AnnotatioAttribute">
        <test-method signature="testcase1()[pri:0, instance:TestNG.AnnotatioAttribute@769f71a9]" started-at="2024-01-31T21:59:52 IST" name="testcase1" description="test case 1" finished-at="2024-01-31T21:59:52 IST" duration-ms="7" status="PASS">
          <reporter-output>
          </reporter-output>
        </test-method> <!-- testcase1 -->
        <test-method signature="testcase5()[pri:0, instance:TestNG.AnnotatioAttribute@769f71a9]" started-at="2024-01-31T21:59:52 IST" name="testcase5" finished-at="2024-01-31T21:59:52 IST" depends-on-methods="TestNG.AnnotatioAttribute.testcase1" duration-ms="1" status="PASS">
          <reporter-output>
          </reporter-output>
        </test-method> <!-- testcase5 -->
        <test-method signature="testcase4()[pri:1, instance:TestNG.AnnotatioAttribute@769f71a9]" started-at="2024-01-31T21:59:52 IST" name="testcase4" finished-at="2024-01-31T21:59:52 IST" duration-ms="1" status="PASS">
          <reporter-output>
          </reporter-output>
        </test-method> <!-- testcase4 -->
        <test-method signature="testcase3()[pri:2, instance:TestNG.AnnotatioAttribute@769f71a9]" started-at="2024-01-31T21:59:52 IST" name="testcase3" finished-at="2024-01-31T21:59:52 IST" duration-ms="1" status="PASS">
          <reporter-output>
          </reporter-output>
        </test-method> <!-- testcase3 -->
      </class> <!-- TestNG.AnnotatioAttribute -->
    </test> <!-- Default test -->
  </suite> <!-- Default suite -->
</testng-results>
